<?xml version="1.0" encoding="UTF-8"?>
<!-- Generated by org.testng.reporters.JUnitXMLReporter -->
<testsuite ignored="0" hostname="WS-TST-004" failures="0" tests="7" name="Surefire test" time="185.23" errors="0" timestamp="2023-01-17T16:18:37 IST">
  <testcase classname="com.pfa.qa.android.test.EndToEndTestPageTest" name="FormToBuy" time="42.569"/>
  <testcase classname="com.pfa.qa.android.test.FormPageWithDataProviderTest" name="FillFormWithData" time="21.825"/>
  <testcase classname="com.pfa.qa.android.test.FormPageWithDataProviderTest" name="FillFormWithData" time="14.185"/>
  <testcase classname="com.pfa.qa.android.test.FormPageWithDataProviderTest" name="FillFormWithJSONData" time="14.019"/>
  <testcase classname="com.pfa.qa.android.test.FormPageWithDataProviderTest" name="FillFormWithJSONData" time="21.103"/>
  <testcase classname="com.pfa.qa.android.test.FormTestPageTest" name="FillForm_ErrorValidation" time="14.895"/>
  <testcase classname="com.pfa.qa.android.test.FormTestPageTest" name="FillForm_PositiveFlow" time="14.161"/>
</testsuite> <!-- Surefire test -->
