<?xml version="1.0" encoding="UTF-8"?>
<testng-results ignored="0" total="7" passed="7" failed="0" skipped="0">
  <reporter-output>
  </reporter-output>
  <suite started-at="2023-01-17T16:15:32 IST" name="Surefire suite" finished-at="2023-01-17T16:18:37 IST" duration-ms="185230">
    <groups>
      <group name="JigneshSmokeTest">
        <method signature="FormPageWithDataProviderTest.FillFormWithData(java.lang.String,java.lang.String,java.lang.String)[pri:0, instance:com.pfa.qa.android.test.FormPageWithDataProviderTest@14d3bc22]" name="FillFormWithData" class="com.pfa.qa.android.test.FormPageWithDataProviderTest"/>
        <method signature="FormPageWithDataProviderTest.FillFormWithJSONData(java.util.HashMap)[pri:0, instance:com.pfa.qa.android.test.FormPageWithDataProviderTest@14d3bc22]" name="FillFormWithJSONData" class="com.pfa.qa.android.test.FormPageWithDataProviderTest"/>
      </group> <!-- JigneshSmokeTest -->
    </groups>
    <test started-at="2023-01-17T16:15:32 IST" name="Surefire test" finished-at="2023-01-17T16:18:37 IST" duration-ms="185230">
      <class name="com.pfa.qa.android.test.FormTestPageTest">
        <test-method is-config="true" signature="configureAppium()[pri:0, instance:com.pfa.qa.android.test.FormTestPageTest@12d4bf7e]" started-at="2023-01-17T16:17:55 IST" name="configureAppium" finished-at="2023-01-17T16:18:01 IST" duration-ms="6244" status="PASS">
          <reporter-output>
          </reporter-output>
        </test-method> <!-- configureAppium -->
        <test-method is-config="true" signature="preSetup()[pri:0, instance:com.pfa.qa.android.test.FormTestPageTest@12d4bf7e]" started-at="2023-01-17T16:18:01 IST" name="preSetup" finished-at="2023-01-17T16:18:04 IST" duration-ms="3200" status="PASS">
          <reporter-output>
          </reporter-output>
        </test-method> <!-- preSetup -->
        <test-method signature="FillForm_ErrorValidation()[pri:0, instance:com.pfa.qa.android.test.FormTestPageTest@12d4bf7e]" started-at="2023-01-17T16:18:04 IST" name="FillForm_ErrorValidation" finished-at="2023-01-17T16:18:19 IST" duration-ms="14895" status="PASS">
          <reporter-output>
          </reporter-output>
        </test-method> <!-- FillForm_ErrorValidation -->
        <test-method is-config="true" signature="preSetup()[pri:0, instance:com.pfa.qa.android.test.FormTestPageTest@12d4bf7e]" started-at="2023-01-17T16:18:19 IST" name="preSetup" finished-at="2023-01-17T16:18:23 IST" duration-ms="3222" status="PASS">
          <reporter-output>
          </reporter-output>
        </test-method> <!-- preSetup -->
        <test-method signature="FillForm_PositiveFlow()[pri:0, instance:com.pfa.qa.android.test.FormTestPageTest@12d4bf7e]" started-at="2023-01-17T16:18:23 IST" name="FillForm_PositiveFlow" finished-at="2023-01-17T16:18:37 IST" duration-ms="14161" status="PASS">
          <reporter-output>
          </reporter-output>
        </test-method> <!-- FillForm_PositiveFlow -->
        <test-method is-config="true" signature="tearDown()[pri:0, instance:com.pfa.qa.android.test.FormTestPageTest@12d4bf7e]" started-at="2023-01-17T16:18:37 IST" name="tearDown" finished-at="2023-01-17T16:18:37 IST" duration-ms="659" status="PASS">
          <reporter-output>
          </reporter-output>
        </test-method> <!-- tearDown -->
      </class> <!-- com.pfa.qa.android.test.FormTestPageTest -->
      <class name="com.pfa.qa.android.test.EndToEndTestPageTest">
        <test-method is-config="true" signature="configureAppium()[pri:0, instance:com.pfa.qa.android.test.EndToEndTestPageTest@ec756bd]" started-at="2023-01-17T16:15:32 IST" name="configureAppium" finished-at="2023-01-17T16:15:40 IST" duration-ms="7544" status="PASS">
          <reporter-output>
          </reporter-output>
        </test-method> <!-- configureAppium -->
        <test-method signature="FormToBuy()[pri:0, instance:com.pfa.qa.android.test.EndToEndTestPageTest@ec756bd]" started-at="2023-01-17T16:15:40 IST" name="FormToBuy" finished-at="2023-01-17T16:16:22 IST" duration-ms="42569" status="PASS">
          <reporter-output>
          </reporter-output>
        </test-method> <!-- FormToBuy -->
        <test-method is-config="true" signature="tearDown()[pri:0, instance:com.pfa.qa.android.test.EndToEndTestPageTest@ec756bd]" started-at="2023-01-17T16:16:22 IST" name="tearDown" finished-at="2023-01-17T16:16:23 IST" duration-ms="997" status="PASS">
          <reporter-output>
          </reporter-output>
        </test-method> <!-- tearDown -->
      </class> <!-- com.pfa.qa.android.test.EndToEndTestPageTest -->
      <class name="com.pfa.qa.android.test.FormPageWithDataProviderTest">
        <test-method is-config="true" signature="configureAppium()[pri:0, instance:com.pfa.qa.android.test.FormPageWithDataProviderTest@14d3bc22]" started-at="2023-01-17T16:16:23 IST" name="configureAppium" finished-at="2023-01-17T16:16:30 IST" duration-ms="6501" status="PASS">
          <reporter-output>
          </reporter-output>
        </test-method> <!-- configureAppium -->
        <test-method is-config="true" signature="preSetup()[pri:0, instance:com.pfa.qa.android.test.FormPageWithDataProviderTest@14d3bc22]" started-at="2023-01-17T16:16:30 IST" name="preSetup" finished-at="2023-01-17T16:16:33 IST" duration-ms="3386" status="PASS">
          <reporter-output>
          </reporter-output>
        </test-method> <!-- preSetup -->
        <test-method signature="FillFormWithData(java.lang.String,java.lang.String,java.lang.String)[pri:0, instance:com.pfa.qa.android.test.FormPageWithDataProviderTest@14d3bc22]" started-at="2023-01-17T16:16:33 IST" name="FillFormWithData" data-provider="getDataWithValue" finished-at="2023-01-17T16:16:55 IST" duration-ms="21825" status="PASS">
          <params>
            <param index="0">
              <value>
                <![CDATA[Jignesh Wala]]>
              </value>
            </param>
            <param index="1">
              <value>
                <![CDATA[male]]>
              </value>
            </param>
            <param index="2">
              <value>
                <![CDATA[Brazil]]>
              </value>
            </param>
          </params>
          <reporter-output>
          </reporter-output>
        </test-method> <!-- FillFormWithData -->
        <test-method is-config="true" signature="preSetup()[pri:0, instance:com.pfa.qa.android.test.FormPageWithDataProviderTest@14d3bc22]" started-at="2023-01-17T16:16:55 IST" name="preSetup" finished-at="2023-01-17T16:16:58 IST" duration-ms="3350" status="PASS">
          <reporter-output>
          </reporter-output>
        </test-method> <!-- preSetup -->
        <test-method signature="FillFormWithData(java.lang.String,java.lang.String,java.lang.String)[pri:0, instance:com.pfa.qa.android.test.FormPageWithDataProviderTest@14d3bc22]" started-at="2023-01-17T16:16:58 IST" name="FillFormWithData" data-provider="getDataWithValue" finished-at="2023-01-17T16:17:13 IST" duration-ms="14185" status="PASS">
          <params>
            <param index="0">
              <value>
                <![CDATA[Shubham Wala]]>
              </value>
            </param>
            <param index="1">
              <value>
                <![CDATA[female]]>
              </value>
            </param>
            <param index="2">
              <value>
                <![CDATA[Argentina]]>
              </value>
            </param>
          </params>
          <reporter-output>
          </reporter-output>
        </test-method> <!-- FillFormWithData -->
        <test-method is-config="true" signature="preSetup()[pri:0, instance:com.pfa.qa.android.test.FormPageWithDataProviderTest@14d3bc22]" started-at="2023-01-17T16:17:13 IST" name="preSetup" finished-at="2023-01-17T16:17:16 IST" duration-ms="3182" status="PASS">
          <reporter-output>
          </reporter-output>
        </test-method> <!-- preSetup -->
        <test-method signature="FillFormWithJSONData(java.util.HashMap)[pri:0, instance:com.pfa.qa.android.test.FormPageWithDataProviderTest@14d3bc22]" started-at="2023-01-17T16:17:16 IST" name="FillFormWithJSONData" data-provider="getDataWithJsonFile" finished-at="2023-01-17T16:17:30 IST" duration-ms="14019" status="PASS">
          <params>
            <param index="0">
              <value>
                <![CDATA[{name=Tejas Chauhan, country=Austria, gender=male}]]>
              </value>
            </param>
          </params>
          <reporter-output>
          </reporter-output>
        </test-method> <!-- FillFormWithJSONData -->
        <test-method is-config="true" signature="preSetup()[pri:0, instance:com.pfa.qa.android.test.FormPageWithDataProviderTest@14d3bc22]" started-at="2023-01-17T16:17:30 IST" name="preSetup" finished-at="2023-01-17T16:17:33 IST" duration-ms="3155" status="PASS">
          <reporter-output>
          </reporter-output>
        </test-method> <!-- preSetup -->
        <test-method signature="FillFormWithJSONData(java.util.HashMap)[pri:0, instance:com.pfa.qa.android.test.FormPageWithDataProviderTest@14d3bc22]" started-at="2023-01-17T16:17:33 IST" name="FillFormWithJSONData" data-provider="getDataWithJsonFile" finished-at="2023-01-17T16:17:54 IST" duration-ms="21103" status="PASS">
          <params>
            <param index="0">
              <value>
                <![CDATA[{name=Parth Chauhan, country=Brazil, gender=female}]]>
              </value>
            </param>
          </params>
          <reporter-output>
          </reporter-output>
        </test-method> <!-- FillFormWithJSONData -->
        <test-method is-config="true" signature="tearDown()[pri:0, instance:com.pfa.qa.android.test.FormPageWithDataProviderTest@14d3bc22]" started-at="2023-01-17T16:17:54 IST" name="tearDown" finished-at="2023-01-17T16:17:55 IST" duration-ms="736" status="PASS">
          <reporter-output>
          </reporter-output>
        </test-method> <!-- tearDown -->
      </class> <!-- com.pfa.qa.android.test.FormPageWithDataProviderTest -->
    </test> <!-- Surefire test -->
  </suite> <!-- Surefire suite -->
</testng-results>
